<?xml version="1.0" encoding="UTF-8"?>
<coverage generated="1701635665182" clover="3.2.0">
  <project timestamp="1701635665182" name="All files">
    <metrics statements="106" coveredstatements="97" conditionals="122" coveredconditionals="89" methods="24" coveredmethods="19" elements="252" coveredelements="205" complexity="0" loc="106" ncloc="106" packages="1" files="19" classes="19"/>
    <file name="add.js" path="C:\Users\Eetu\Uusi kansio\testprojectcours\src\add.js">
      <metrics statements="1" coveredstatements="1" conditionals="0" coveredconditionals="0" methods="1" coveredmethods="1"/>
      <line num="16" count="13" type="stmt"/>
    </file>
    <file name="compact.js" path="C:\Users\Eetu\Uusi kansio\testprojectcours\src\compact.js">
      <metrics statements="6" coveredstatements="6" conditionals="2" coveredconditionals="2" methods="1" coveredmethods="1"/>
      <line num="15" count="3" type="stmt"/>
      <line num="16" count="3" type="stmt"/>
      <line num="18" count="3" type="stmt"/>
      <line num="19" count="13" type="cond" truecount="2" falsecount="0"/>
      <line num="20" count="4" type="stmt"/>
      <line num="23" count="3" type="stmt"/>
    </file>
    <file name="countBy.js" path="C:\Users\Eetu\Uusi kansio\testprojectcours\src\countBy.js">
      <metrics statements="7" coveredstatements="7" conditionals="2" coveredconditionals="2" methods="2" coveredmethods="2"/>
      <line num="5" count="1" type="stmt"/>
      <line num="30" count="4" type="stmt"/>
      <line num="31" count="11" type="stmt"/>
      <line num="32" count="11" type="cond" truecount="2" falsecount="0"/>
      <line num="33" count="3" type="stmt"/>
      <line num="35" count="8" type="stmt"/>
      <line num="37" count="11" type="stmt"/>
    </file>
    <file name="filter.js" path="C:\Users\Eetu\Uusi kansio\testprojectcours\src\filter.js">
      <metrics statements="9" coveredstatements="9" conditionals="4" coveredconditionals="4" methods="1" coveredmethods="1"/>
      <line num="25" count="5" type="stmt"/>
      <line num="26" count="5" type="stmt"/>
      <line num="27" count="5" type="cond" truecount="2" falsecount="0"/>
      <line num="28" count="5" type="stmt"/>
      <line num="30" count="5" type="stmt"/>
      <line num="31" count="4" type="stmt"/>
      <line num="32" count="4" type="cond" truecount="2" falsecount="0"/>
      <line num="33" count="1" type="stmt"/>
      <line num="36" count="5" type="stmt"/>
    </file>
    <file name="get.js" path="C:\Users\Eetu\Uusi kansio\testprojectcours\src\get.js">
      <metrics statements="2" coveredstatements="2" conditionals="4" coveredconditionals="3" methods="1" coveredmethods="1"/>
      <line num="28" count="3" type="cond" truecount="1" falsecount="1"/>
      <line num="29" count="3" type="cond" truecount="2" falsecount="0"/>
    </file>
    <file name="isArguments.js" path="C:\Users\Eetu\Uusi kansio\testprojectcours\src\isArguments.js">
      <metrics statements="1" coveredstatements="0" conditionals="2" coveredconditionals="0" methods="1" coveredmethods="0"/>
      <line num="20" count="0" type="cond" truecount="0" falsecount="2"/>
    </file>
    <file name="isArrayLike.js" path="C:\Users\Eetu\Uusi kansio\testprojectcours\src\isArrayLike.js">
      <metrics statements="1" coveredstatements="1" conditionals="3" coveredconditionals="3" methods="1" coveredmethods="1"/>
      <line num="27" count="12" type="cond" truecount="3" falsecount="0"/>
    </file>
    <file name="isBuffer.js" path="C:\Users\Eetu\Uusi kansio\testprojectcours\src\isBuffer.js">
      <metrics statements="6" coveredstatements="6" conditionals="17" coveredconditionals="14" methods="1" coveredmethods="0"/>
      <line num="4" count="3" type="cond" truecount="4" falsecount="0"/>
      <line num="7" count="3" type="cond" truecount="5" falsecount="0"/>
      <line num="10" count="3" type="cond" truecount="2" falsecount="0"/>
      <line num="13" count="3" type="cond" truecount="1" falsecount="1"/>
      <line num="16" count="3" type="cond" truecount="1" falsecount="1"/>
      <line num="33" count="3" type="cond" truecount="1" falsecount="1"/>
    </file>
    <file name="isEmpty.js" path="C:\Users\Eetu\Uusi kansio\testprojectcours\src\isEmpty.js">
      <metrics statements="14" coveredstatements="12" conditionals="19" coveredconditionals="11" methods="1" coveredmethods="1"/>
      <line num="9" count="1" type="stmt"/>
      <line num="46" count="9" type="cond" truecount="2" falsecount="0"/>
      <line num="47" count="1" type="stmt"/>
      <line num="49" count="8" type="cond" truecount="4" falsecount="5"/>
      <line num="52" count="2" type="stmt"/>
      <line num="54" count="6" type="stmt"/>
      <line num="55" count="6" type="cond" truecount="3" falsecount="1"/>
      <line num="56" count="0" type="stmt"/>
      <line num="58" count="6" type="cond" truecount="1" falsecount="1"/>
      <line num="59" count="0" type="stmt"/>
      <line num="61" count="6" type="stmt"/>
      <line num="62" count="2" type="cond" truecount="1" falsecount="1"/>
      <line num="63" count="2" type="stmt"/>
      <line num="66" count="4" type="stmt"/>
    </file>
    <file name="isLength.js" path="C:\Users\Eetu\Uusi kansio\testprojectcours\src\isLength.js">
      <metrics statements="2" coveredstatements="2" conditionals="4" coveredconditionals="4" methods="1" coveredmethods="1"/>
      <line num="2" count="3" type="stmt"/>
      <line num="29" count="12" type="cond" truecount="4" falsecount="0"/>
    </file>
    <file name="isObjectLike.js" path="C:\Users\Eetu\Uusi kansio\testprojectcours\src\isObjectLike.js">
      <metrics statements="1" coveredstatements="0" conditionals="2" coveredconditionals="0" methods="1" coveredmethods="0"/>
      <line num="24" count="0" type="cond" truecount="0" falsecount="2"/>
    </file>
    <file name="isSymbol.js" path="C:\Users\Eetu\Uusi kansio\testprojectcours\src\isSymbol.js">
      <metrics statements="2" coveredstatements="2" conditionals="4" coveredconditionals="3" methods="1" coveredmethods="1"/>
      <line num="19" count="16" type="stmt"/>
      <line num="20" count="16" type="cond" truecount="3" falsecount="1"/>
    </file>
    <file name="isTypedArray.js" path="C:\Users\Eetu\Uusi kansio\testprojectcours\src\isTypedArray.js">
      <metrics statements="5" coveredstatements="3" conditionals="6" coveredconditionals="3" methods="2" coveredmethods="0"/>
      <line num="6" count="3" type="stmt"/>
      <line num="9" count="3" type="cond" truecount="2" falsecount="0"/>
      <line num="26" count="3" type="cond" truecount="1" falsecount="1"/>
      <line num="27" count="0" type="stmt"/>
      <line num="28" count="0" type="cond" truecount="0" falsecount="2"/>
    </file>
    <file name="keys.js" path="C:\Users\Eetu\Uusi kansio\testprojectcours\src\keys.js">
      <metrics statements="1" coveredstatements="1" conditionals="2" coveredconditionals="1" methods="1" coveredmethods="1"/>
      <line num="32" count="2" type="cond" truecount="1" falsecount="1"/>
    </file>
    <file name="memoize.js" path="C:\Users\Eetu\Uusi kansio\testprojectcours\src\memoize.js">
      <metrics statements="13" coveredstatements="11" conditionals="13" coveredconditionals="8" methods="2" coveredmethods="2"/>
      <line num="44" count="1" type="cond" truecount="4" falsecount="1"/>
      <line num="45" count="0" type="stmt"/>
      <line num="47" count="1" type="stmt"/>
      <line num="48" count="2" type="cond" truecount="1" falsecount="1"/>
      <line num="49" count="2" type="stmt"/>
      <line num="51" count="2" type="cond" truecount="1" falsecount="1"/>
      <line num="52" count="0" type="stmt"/>
      <line num="54" count="2" type="stmt"/>
      <line num="55" count="2" type="cond" truecount="1" falsecount="1"/>
      <line num="56" count="2" type="stmt"/>
      <line num="58" count="1" type="cond" truecount="1" falsecount="1"/>
      <line num="59" count="1" type="stmt"/>
      <line num="62" count="1" type="stmt"/>
    </file>
    <file name="reduce.js" path="C:\Users\Eetu\Uusi kansio\testprojectcours\src\reduce.js">
      <metrics statements="3" coveredstatements="3" conditionals="2" coveredconditionals="2" methods="1" coveredmethods="1"/>
      <line num="39" count="11" type="cond" truecount="2" falsecount="0"/>
      <line num="40" count="11" type="stmt"/>
      <line num="41" count="11" type="stmt"/>
    </file>
    <file name="slice.js" path="C:\Users\Eetu\Uusi kansio\testprojectcours\src\slice.js">
      <metrics statements="16" coveredstatements="16" conditionals="16" coveredconditionals="13" methods="1" coveredmethods="1"/>
      <line num="22" count="8" type="cond" truecount="2" falsecount="0"/>
      <line num="23" count="8" type="cond" truecount="2" falsecount="0"/>
      <line num="24" count="3" type="stmt"/>
      <line num="26" count="5" type="cond" truecount="1" falsecount="1"/>
      <line num="27" count="5" type="cond" truecount="2" falsecount="0"/>
      <line num="29" count="5" type="cond" truecount="2" falsecount="0"/>
      <line num="30" count="2" type="cond" truecount="1" falsecount="1"/>
      <line num="32" count="5" type="cond" truecount="2" falsecount="0"/>
      <line num="33" count="1" type="stmt"/>
      <line num="35" count="5" type="cond" truecount="1" falsecount="1"/>
      <line num="36" count="5" type="stmt"/>
      <line num="38" count="5" type="stmt"/>
      <line num="39" count="5" type="stmt"/>
      <line num="40" count="5" type="stmt"/>
      <line num="41" count="10" type="stmt"/>
      <line num="43" count="5" type="stmt"/>
    </file>
    <file name="toString.js" path="C:\Users\Eetu\Uusi kansio\testprojectcours\src\toString.js">
      <metrics statements="9" coveredstatements="8" conditionals="12" coveredconditionals="9" methods="2" coveredmethods="2"/>
      <line num="4" count="1" type="stmt"/>
      <line num="28" count="13" type="cond" truecount="2" falsecount="0"/>
      <line num="29" count="1" type="stmt"/>
      <line num="31" count="12" type="cond" truecount="2" falsecount="0"/>
      <line num="33" count="6" type="cond" truecount="1" falsecount="1"/>
      <line num="35" count="10" type="cond" truecount="1" falsecount="1"/>
      <line num="36" count="0" type="stmt"/>
      <line num="38" count="10" type="stmt"/>
      <line num="39" count="10" type="cond" truecount="3" falsecount="1"/>
    </file>
    <file name="words.js" path="C:\Users\Eetu\Uusi kansio\testprojectcours\src\words.js">
      <metrics statements="7" coveredstatements="7" conditionals="8" coveredconditionals="7" methods="2" coveredmethods="2"/>
      <line num="3" count="1" type="stmt"/>
      <line num="8" count="1" type="stmt"/>
      <line num="11" count="2" type="stmt"/>
      <line num="31" count="5" type="cond" truecount="2" falsecount="0"/>
      <line num="32" count="4" type="cond" truecount="2" falsecount="0"/>
      <line num="33" count="4" type="cond" truecount="2" falsecount="0"/>
      <line num="35" count="1" type="cond" truecount="1" falsecount="1"/>
    </file>
  </project>
</coverage>
