TN:
SF:src\add.js
FN:16,(anonymous_0)
FNF:1
FNH:1
FNDA:13,(anonymous_0)
DA:16,13
LF:1
LH:1
BRF:0
BRH:0
end_of_record
TN:
SF:src\compact.js
FN:14,compact
FNF:1
FNH:1
FNDA:3,compact
DA:15,3
DA:16,3
DA:18,3
DA:19,13
DA:20,4
DA:23,3
LF:6
LH:6
BRDA:19,0,0,4
BRDA:19,0,1,9
BRF:2
BRH:2
end_of_record
TN:
SF:src\countBy.js
FN:29,countBy
FN:30,(anonymous_1)
FNF:2
FNH:2
FNDA:4,countBy
FNDA:11,(anonymous_1)
DA:5,1
DA:30,4
DA:31,11
DA:32,11
DA:33,3
DA:35,8
DA:37,11
LF:7
LH:7
BRDA:32,0,0,3
BRDA:32,0,1,8
BRF:2
BRH:2
end_of_record
TN:
SF:src\filter.js
FN:24,filter
FNF:1
FNH:1
FNDA:5,filter
DA:25,5
DA:26,5
DA:27,5
DA:28,5
DA:30,5
DA:31,4
DA:32,4
DA:33,1
DA:36,5
LF:9
LH:9
BRDA:27,0,0,2
BRDA:27,0,1,3
BRDA:32,1,0,1
BRDA:32,1,1,3
BRF:4
BRH:4
end_of_record
TN:
SF:src\get.js
FN:27,get
FNF:1
FNH:1
FNDA:3,get
DA:28,3
DA:29,3
LF:2
LH:2
BRDA:28,0,0,0
BRDA:28,0,1,3
BRDA:29,1,0,1
BRDA:29,1,1,2
BRF:4
BRH:3
end_of_record
TN:
SF:src\isArguments.js
FN:19,isArguments
FNF:1
FNH:0
FNDA:0,isArguments
DA:20,0
LF:1
LH:0
BRDA:20,0,0,0
BRDA:20,0,1,0
BRF:2
BRH:0
end_of_record
TN:
SF:src\isArrayLike.js
FN:26,isArrayLike
FNF:1
FNH:1
FNDA:12,isArrayLike
DA:27,12
LF:1
LH:1
BRDA:27,0,0,12
BRDA:27,0,1,12
BRDA:27,0,2,12
BRF:3
BRH:3
end_of_record
TN:
SF:src\isBuffer.js
FN:33,(anonymous_0)
FNF:1
FNH:0
FNDA:0,(anonymous_0)
DA:4,3
DA:7,3
DA:10,3
DA:13,3
DA:16,3
DA:33,3
LF:6
LH:6
BRDA:4,0,0,3
BRDA:4,0,1,3
BRDA:4,0,2,3
BRDA:4,0,3,3
BRDA:7,1,0,3
BRDA:7,1,1,3
BRDA:7,1,2,3
BRDA:7,1,3,3
BRDA:7,1,4,3
BRDA:10,2,0,3
BRDA:10,2,1,3
BRDA:13,3,0,3
BRDA:13,3,1,0
BRDA:16,4,0,3
BRDA:16,4,1,0
BRDA:33,5,0,3
BRDA:33,5,1,0
BRF:17
BRH:14
end_of_record
TN:
SF:src\isEmpty.js
FN:45,isEmpty
FNF:1
FNH:1
FNDA:9,isEmpty
DA:9,1
DA:46,9
DA:47,1
DA:49,8
DA:52,2
DA:54,6
DA:55,6
DA:56,0
DA:58,6
DA:59,0
DA:61,6
DA:62,2
DA:63,2
DA:66,4
LF:14
LH:12
BRDA:46,0,0,1
BRDA:46,0,1,8
BRDA:49,1,0,2
BRDA:49,1,1,6
BRDA:49,2,0,8
BRDA:49,2,1,2
BRDA:49,2,2,0
BRDA:49,2,3,0
BRDA:49,2,4,0
BRDA:49,2,5,0
BRDA:49,2,6,0
BRDA:55,3,0,0
BRDA:55,3,1,6
BRDA:55,4,0,6
BRDA:55,4,1,6
BRDA:58,5,0,0
BRDA:58,5,1,6
BRDA:62,6,0,2
BRDA:62,6,1,0
BRF:19
BRH:11
end_of_record
TN:
SF:src\isLength.js
FN:28,isLength
FNF:1
FNH:1
FNDA:12,isLength
DA:2,3
DA:29,12
LF:2
LH:2
BRDA:29,0,0,12
BRDA:29,0,1,2
BRDA:29,0,2,2
BRDA:29,0,3,2
BRF:4
BRH:4
end_of_record
TN:
SF:src\isObjectLike.js
FN:23,isObjectLike
FNF:1
FNH:0
FNDA:0,isObjectLike
DA:24,0
LF:1
LH:0
BRDA:24,0,0,0
BRDA:24,0,1,0
BRF:2
BRH:0
end_of_record
TN:
SF:src\isSymbol.js
FN:18,isSymbol
FNF:1
FNH:1
FNDA:16,isSymbol
DA:19,16
DA:20,16
LF:2
LH:2
BRDA:20,0,0,16
BRDA:20,0,1,16
BRDA:20,0,2,2
BRDA:20,0,3,0
BRF:4
BRH:3
end_of_record
TN:
SF:src\isTypedArray.js
FN:27,(anonymous_0)
FN:28,(anonymous_1)
FNF:2
FNH:0
FNDA:0,(anonymous_0)
FNDA:0,(anonymous_1)
DA:6,3
DA:9,3
DA:26,3
DA:27,0
DA:28,0
LF:5
LH:3
BRDA:9,0,0,3
BRDA:9,0,1,3
BRDA:26,1,0,3
BRDA:26,1,1,0
BRDA:28,2,0,0
BRDA:28,2,1,0
BRF:6
BRH:3
end_of_record
TN:
SF:src\keys.js
FN:31,keys
FNF:1
FNH:1
FNDA:2,keys
DA:32,2
LF:1
LH:1
BRDA:32,0,0,0
BRDA:32,0,1,2
BRF:2
BRH:1
end_of_record
TN:
SF:src\memoize.js
FN:43,memoize
FN:47,(anonymous_1)
FNF:2
FNH:2
FNDA:1,memoize
FNDA:2,(anonymous_1)
DA:44,1
DA:45,0
DA:47,1
DA:48,2
DA:49,2
DA:51,2
DA:52,0
DA:54,2
DA:55,2
DA:56,2
DA:58,1
DA:59,1
DA:62,1
LF:13
LH:11
BRDA:44,0,0,0
BRDA:44,0,1,1
BRDA:44,1,0,1
BRDA:44,1,1,1
BRDA:44,1,2,1
BRDA:48,2,0,2
BRDA:48,2,1,0
BRDA:51,3,0,0
BRDA:51,3,1,2
BRDA:55,4,0,2
BRDA:55,4,1,0
BRDA:58,5,0,1
BRDA:58,5,1,0
BRF:13
BRH:8
end_of_record
TN:
SF:src\reduce.js
FN:38,reduce
FNF:1
FNH:1
FNDA:11,reduce
DA:39,11
DA:40,11
DA:41,11
LF:3
LH:3
BRDA:39,0,0,7
BRDA:39,0,1,4
BRF:2
BRH:2
end_of_record
TN:
SF:src\slice.js
FN:21,slice
FNF:1
FNH:1
FNDA:8,slice
DA:22,8
DA:23,8
DA:24,3
DA:26,5
DA:27,5
DA:29,5
DA:30,2
DA:32,5
DA:33,1
DA:35,5
DA:36,5
DA:38,5
DA:39,5
DA:40,5
DA:41,10
DA:43,5
LF:16
LH:16
BRDA:22,0,0,2
BRDA:22,0,1,6
BRDA:23,1,0,3
BRDA:23,1,1,5
BRDA:26,2,0,0
BRDA:26,2,1,5
BRDA:27,3,0,2
BRDA:27,3,1,3
BRDA:29,4,0,2
BRDA:29,4,1,3
BRDA:30,5,0,0
BRDA:30,5,1,2
BRDA:32,6,0,1
BRDA:32,6,1,4
BRDA:35,7,0,0
BRDA:35,7,1,5
BRF:16
BRH:13
end_of_record
TN:
SF:src\toString.js
FN:25,toString
FN:33,(anonymous_1)
FNF:2
FNH:2
FNDA:13,toString
FNDA:6,(anonymous_1)
DA:4,1
DA:28,13
DA:29,1
DA:31,12
DA:33,6
DA:35,10
DA:36,0
DA:38,10
DA:39,10
LF:9
LH:8
BRDA:28,0,0,1
BRDA:28,0,1,12
BRDA:31,1,0,2
BRDA:31,1,1,10
BRDA:33,2,0,0
BRDA:33,2,1,6
BRDA:35,3,0,0
BRDA:35,3,1,10
BRDA:39,4,0,0
BRDA:39,4,1,10
BRDA:39,5,0,10
BRDA:39,5,1,1
BRF:12
BRH:9
end_of_record
TN:
SF:src\words.js
FN:10,asciiWords
FN:30,words
FNF:2
FNH:2
FNDA:2,asciiWords
FNDA:5,words
DA:3,1
DA:8,1
DA:11,2
DA:31,5
DA:32,4
DA:33,4
DA:35,1
LF:7
LH:7
BRDA:31,0,0,4
BRDA:31,0,1,1
BRDA:32,1,0,2
BRDA:32,1,1,2
BRDA:33,2,0,4
BRDA:33,2,1,2
BRDA:35,3,0,1
BRDA:35,3,1,0
BRF:8
BRH:7
end_of_record
